<?xml version='1.0' encoding='UTF-8'?>
<testsuite hostname="matteo-XPS15" name="actorbintree.BinaryTreeSuite" tests="3" errors="0" failures="1" skipped="0" time="5.057" timestamp="2020-02-26T15:56:37">
                     <properties>
      <property name="awt.toolkit" value="sun.awt.X11.XToolkit"/><property name="java.specification.version" value="11"/><property name="sun.cpu.isalist" value=""/><property name="sun.jnu.encoding" value="UTF-8"/><property name="sun.arch.data.model" value="64"/><property name="sbt.supershell" value="false"/><property name="java.vendor.url" value="https://ubuntu.com/"/><property name="sun.boot.library.path" value="/usr/lib/jvm/java-11-openjdk-amd64/lib"/><property name="sun.java.command" value="/home/matteo/.IdeaIC2019.3/config/plugins/Scala/launcher/sbt-launch.jar early(addPluginSbtFile=&quot;&quot;&quot;/tmp/idea.sbt&quot;&quot;&quot;) ; set ideaPort in Global := 44507 ; idea-shell"/><property name="jdk.debug" value="release"/><property name="java.specification.vendor" value="Oracle Corporation"/><property name="java.version.date" value="2020-01-14"/><property name="java.home" value="/usr/lib/jvm/java-11-openjdk-amd64"/><property name="file.separator" value="/"/><property name="java.vm.compressedOopsMode" value="32-bit"/><property name="line.separator" value="
"/><property name="java.specification.name" value="Java Platform API Specification"/><property name="java.vm.specification.vendor" value="Oracle Corporation"/><property name="sun.management.compiler" value="HotSpot 64-Bit Tiered Compilers"/><property name="java.runtime.version" value="11.0.6+10-post-Ubuntu-1ubuntu119.10.1"/><property name="user.name" value="matteo"/><property name="log4j.ignoreTCL" value="true"/><property name="file.encoding" value="UTF-8"/><property name="java.io.tmpdir" value="/tmp"/><property name="java.version" value="11.0.6"/><property name="java.vm.specification.name" value="Java Virtual Machine Specification"/><property name="java.awt.printerjob" value="sun.print.PSPrinterJob"/><property name="sun.os.patch.level" value="unknown"/><property name="java.library.path" value="/usr/java/packages/lib:/usr/lib/x86_64-linux-gnu/jni:/lib/x86_64-linux-gnu:/usr/lib/x86_64-linux-gnu:/usr/lib/jni:/lib:/usr/lib"/><property name="java.vendor" value="Ubuntu"/><property name="sun.io.unicode.encoding" value="UnicodeLittle"/><property name="sun.desktop" value="gnome"/><property name="java.class.path" value="/home/matteo/.IdeaIC2019.3/config/plugins/Scala/launcher/sbt-launch.jar"/><property name="java.vm.vendor" value="Ubuntu"/><property name="jline.shutdownhook" value="false"/><property name="user.timezone" value="Europe/Rome"/><property name="os.name" value="Linux"/><property name="java.vm.specification.version" value="11"/><property name="sun.java.launcher" value="SUN_STANDARD"/><property name="user.country" value="US"/><property name="sun.cpu.endian" value="little"/><property name="user.home" value="/home/matteo"/><property name="user.language" value="en"/><property name="swoval.tmpdir" value="/home/matteo/.sbt/1.0"/><property name="java.awt.graphicsenv" value="sun.awt.X11GraphicsEnvironment"/><property name="jline.esc.timeout" value="0"/><property name="path.separator" value=":"/><property name="os.version" value="5.3.0-29-generic"/><property name="jna.nosys" value="true"/><property name="java.runtime.name" value="OpenJDK Runtime Environment"/><property name="java.vm.name" value="OpenJDK 64-Bit Server VM"/><property name="java.vendor.url.bug" value="https://bugs.launchpad.net/ubuntu/+source/openjdk-lts"/><property name="user.dir" value="/home/matteo/Documents/ProgrammingReactiveSystems/actorbintree"/><property name="os.arch" value="amd64"/><property name="idea.managed" value="true"/><property name="java.vm.info" value="mixed mode, sharing"/><property name="java.vm.version" value="11.0.6+10-post-Ubuntu-1ubuntu119.10.1"/><property name="java.class.version" value="55.0"/>
    </properties>
                     <testcase classname="actorbintree.BinaryTreeSuite" name="instruction example (5pts)" time="0.024">
                                                 
                                               </testcase><testcase classname="actorbintree.BinaryTreeSuite" name="proper inserts and lookups (5pts)" time="0.003">
                                                 
                                               </testcase><testcase classname="actorbintree.BinaryTreeSuite" name="behave identically to built-in set (includes GC) (40pts)" time="5.03">
                                                 <failure message="java.lang.RuntimeException: failure to receive confirmation 5/1000
java.lang.AssertionError: assertion failed: timeout (4999866268 nanoseconds) during expectMsgClass waiting for interface actorbintree.BinaryTreeSet$OperationReply" type="sbt.ForkMain$ForkError">sbt.ForkMain$ForkError: java.lang.RuntimeException: failure to receive confirmation 5/1000
java.lang.AssertionError: assertion failed: timeout (4999866268 nanoseconds) during expectMsgClass waiting for interface actorbintree.BinaryTreeSet$OperationReply
	at scala.sys.package$.error(package.scala:27)
	at actorbintree.BinaryTreeSuite.$anonfun$receiveN$2(BinaryTreeSuite.scala:23)
	at actorbintree.BinaryTreeSuite.$anonfun$receiveN$2$adapted(BinaryTreeSuite.scala:20)
	at scala.collection.immutable.Range.map(Range.scala:59)
	at actorbintree.BinaryTreeSuite.$anonfun$receiveN$1(BinaryTreeSuite.scala:20)
	at scala.runtime.java8.JFunction0$mcV$sp.apply(JFunction0$mcV$sp.scala:18)
	at akka.testkit.TestKitBase.within(TestKit.scala:375)
	at akka.testkit.TestKitBase.within$(TestKit.scala:363)
	at akka.testkit.TestKit.within(TestKit.scala:928)
	at akka.testkit.TestKitBase.within(TestKit.scala:390)
	at akka.testkit.TestKitBase.within$(TestKit.scala:390)
	at akka.testkit.TestKit.within(TestKit.scala:928)
	at actorbintree.BinaryTreeSuite.receiveN(BinaryTreeSuite.scala:19)
	at actorbintree.BinaryTreeSuite.behave$u0020identically$u0020to$u0020built$minusin$u0020set$u0020$u0028includes$u0020GC$u0029$u0020$u002840pts$u0029(BinaryTreeSuite.scala:124)
	at java.base/jdk.internal.reflect.NativeMethodAccessorImpl.invoke0(Native Method)
	at java.base/jdk.internal.reflect.NativeMethodAccessorImpl.invoke(NativeMethodAccessorImpl.java:62)
	at java.base/jdk.internal.reflect.DelegatingMethodAccessorImpl.invoke(DelegatingMethodAccessorImpl.java:43)
	at java.base/java.lang.reflect.Method.invoke(Method.java:566)
	at org.junit.runners.model.FrameworkMethod$1.runReflectiveCall(FrameworkMethod.java:47)
	at org.junit.internal.runners.model.ReflectiveCallable.run(ReflectiveCallable.java:12)
	at org.junit.runners.model.FrameworkMethod.invokeExplosively(FrameworkMethod.java:44)
	at org.junit.internal.runners.statements.InvokeMethod.evaluate(InvokeMethod.java:17)
	at org.junit.runners.ParentRunner.runLeaf(ParentRunner.java:271)
	at org.junit.runners.BlockJUnit4ClassRunner.runChild(BlockJUnit4ClassRunner.java:70)
	at org.junit.runners.BlockJUnit4ClassRunner.runChild(BlockJUnit4ClassRunner.java:50)
	at org.junit.runners.ParentRunner$3.run(ParentRunner.java:238)
	at org.junit.runners.ParentRunner$1.schedule(ParentRunner.java:63)
	at org.junit.runners.ParentRunner.runChildren(ParentRunner.java:236)
	at org.junit.runners.ParentRunner.access$000(ParentRunner.java:53)
	at org.junit.runners.ParentRunner$2.evaluate(ParentRunner.java:229)
	at org.junit.runners.ParentRunner.run(ParentRunner.java:309)
	at org.junit.runners.Suite.runChild(Suite.java:127)
	at org.junit.runners.Suite.runChild(Suite.java:26)
	at org.junit.runners.ParentRunner$3.run(ParentRunner.java:238)
	at org.junit.runners.ParentRunner$1.schedule(ParentRunner.java:63)
	at org.junit.runners.ParentRunner.runChildren(ParentRunner.java:236)
	at org.junit.runners.ParentRunner.access$000(ParentRunner.java:53)
	at org.junit.runners.ParentRunner$2.evaluate(ParentRunner.java:229)
	at org.junit.runners.ParentRunner.run(ParentRunner.java:309)
	at org.junit.runner.JUnitCore.run(JUnitCore.java:160)
	at org.junit.runner.JUnitCore.run(JUnitCore.java:138)
	at com.novocode.junit.JUnitRunner$1.execute(JUnitRunner.java:132)
	at sbt.ForkMain$Run.lambda$runTest$1(ForkMain.java:304)
	at java.base/java.util.concurrent.FutureTask.run(FutureTask.java:264)
	at java.base/java.util.concurrent.ThreadPoolExecutor.runWorker(ThreadPoolExecutor.java:1128)
	at java.base/java.util.concurrent.ThreadPoolExecutor$Worker.run(ThreadPoolExecutor.java:628)
	at java.base/java.lang.Thread.run(Thread.java:834)
</failure>
                                               </testcase>
                     <system-out><![CDATA[]]></system-out>
                     <system-err><![CDATA[]]></system-err>
                   </testsuite>